[26/Jun/2020 12:26:56] WARNING [django.security.csrf:228] Forbidden (CSRF token missing or incorrect.): /evaluate/
[26/Jun/2020 12:31:58] ERROR [django.security.DisallowedHost:77] Invalid HTTP_HOST header: '192.168.0.20:8020'. You may need to add '192.168.0.20' to ALLOWED_HOSTS.
[26/Jun/2020 12:31:58] WARNING [django.request:228] Bad Request: /teacherAccount/
[26/Jun/2020 12:32:12] ERROR [django.security.DisallowedHost:77] Invalid HTTP_HOST header: '192.168.0.20:8020'. You may need to add '192.168.0.20' to ALLOWED_HOSTS.
[26/Jun/2020 12:32:12] WARNING [django.request:228] Bad Request: /
[26/Jun/2020 12:40:22] INFO [alumnos.views:236] Atopa ejemplo.csv
[26/Jun/2020 12:40:22] INFO [alumnos.views:48] 1
[26/Jun/2020 13:04:52] INFO [resultados.services:19] Autenticacion en servidor
[26/Jun/2020 13:04:52] ERROR [resultados.services:27] b'{"token":"beb075ff4de20d258fb6fa939779046db436a6c5"}'
[26/Jun/2020 13:05:19] INFO [cuestionarios.services:132] b'<!DOCTYPE HTML PUBLIC "-//W3C//DTD HTML 3.2 Final//EN">\n<title>500 Internal Server Error</title>\n<h1>Internal Server Error</h1>\n<p>The server encountered an internal error and was unable to complete your request. Either the server is overloaded or there is an error in the application.</p>\n'
[26/Jun/2020 13:10:05] INFO [cuestionarios.services:132] b'<!DOCTYPE HTML PUBLIC "-//W3C//DTD HTML 3.2 Final//EN">\n<title>500 Internal Server Error</title>\n<h1>Internal Server Error</h1>\n<p>The server encountered an internal error and was unable to complete your request. Either the server is overloaded or there is an error in the application.</p>\n'
[26/Jun/2020 13:29:38] INFO [cuestionarios.services:132] b'{"Succes":"Se ha guardado el test"}\n'
[26/Jun/2020 13:29:39] INFO [cuestionarios.services:143] b'{"Succes":"Se ha guardado la encuesta 1"}\n'
[26/Jun/2020 13:33:17] INFO [resultados.services:19] Autenticacion en servidor
[26/Jun/2020 13:33:17] ERROR [resultados.services:27] b'{"token":"beb075ff4de20d258fb6fa939779046db436a6c5"}'
[26/Jun/2020 13:33:41] INFO [cuestionarios.services:160] b'<!DOCTYPE HTML PUBLIC "-//W3C//DTD HTML 3.2 Final//EN">\n<title>500 Internal Server Error</title>\n<h1>Internal Server Error</h1>\n<p>The server encountered an internal error and was unable to complete your request. Either the server is overloaded or there is an error in the application.</p>\n'
[26/Jun/2020 13:53:28] INFO [cuestionarios.services:157] b'<!DOCTYPE HTML PUBLIC "-//W3C//DTD HTML 3.2 Final//EN">\n<title>500 Internal Server Error</title>\n<h1>Internal Server Error</h1>\n<p>The server encountered an internal error and was unable to complete your request. Either the server is overloaded or there is an error in the application.</p>\n'
[26/Jun/2020 13:54:42] INFO [cuestionarios.services:157] b'<!DOCTYPE HTML PUBLIC "-//W3C//DTD HTML 3.2 Final//EN">\n<title>500 Internal Server Error</title>\n<h1>Internal Server Error</h1>\n<p>The server encountered an internal error and was unable to complete your request. Either the server is overloaded or there is an error in the application.</p>\n'
[26/Jun/2020 13:58:19] INFO [cuestionarios.services:157] b'{"Succes":"Se ha guardado el test"}\n'
[26/Jun/2020 13:58:19] INFO [cuestionarios.services:169] b'{"Succes":"Se ha guardado la encuesta 2"}\n'
[26/Jun/2020 13:59:58] INFO [resultados.services:19] Autenticacion en servidor
[26/Jun/2020 13:59:58] ERROR [resultados.services:27] b'{"token":"beb075ff4de20d258fb6fa939779046db436a6c5"}'
[26/Jun/2020 14:00:23] INFO [cuestionarios.services:130] b'{"Succes":"Se ha guardado el test"}\n'
[26/Jun/2020 14:00:23] INFO [cuestionarios.services:141] b'{"Succes":"Se ha guardado la encuesta 1"}\n'
[26/Jun/2020 14:02:05] INFO [resultados.services:19] Autenticacion en servidor
[26/Jun/2020 14:02:05] ERROR [resultados.services:27] b'{"token":"beb075ff4de20d258fb6fa939779046db436a6c5"}'
[26/Jun/2020 14:33:04] INFO [resultados.services:19] Autenticacion en servidor
[26/Jun/2020 14:33:04] ERROR [resultados.services:27] b'{"token":"beb075ff4de20d258fb6fa939779046db436a6c5"}'
[26/Jun/2020 14:34:36] INFO [cuestionarios.services:141] b'{"Succes":"Se ha guardado la encuesta 1"}\n'
[26/Jun/2020 14:35:28] INFO [resultados.services:19] Autenticacion en servidor
[26/Jun/2020 14:35:28] ERROR [resultados.services:27] b'{"token":"beb075ff4de20d258fb6fa939779046db436a6c5"}'
[26/Jun/2020 14:35:50] INFO [cuestionarios.services:157] b'{"Succes":"Se ha guardado el test"}\n'
[26/Jun/2020 14:35:50] INFO [cuestionarios.services:169] b'{"Succes":"Se ha guardado la encuesta 2"}\n'
